info it worked if it ends with ok
verbose cli [ '/home/cloud9/c9/support/node-c9-builds/bin/node-sunos-v0.6.8-security',
verbose cli   '/mnt/ws/users/$di/dietler/npm/bin/npm-cli.js',
verbose cli   'install',
verbose cli   'express' ]
info using npm@1.0.106
info using node@v0.6.8
verbose config file /home/cloud9/.npmrc
verbose config file /home/cloud9/c9/support/node-c9-builds/etc/npmrc
verbose config file /mnt/ws/users/$di/dietler/npm/npmrc
silly testEngine { name: 'node-test',
silly testEngine   version: '0.0.1',
silly testEngine   dependencies: { express: '2.2.0', jade: '0.15.4' },
silly testEngine   _id: 'node-test@0.0.1',
silly testEngine   devDependencies: {},
silly testEngine   engines: { node: '*' },
silly testEngine   _engineSupported: true,
silly testEngine   _npmVersion: '1.0.106',
silly testEngine   _nodeVersion: 'v0.6.8',
silly testEngine   _defaultsLoaded: true }
verbose caching /mnt/ws/users/$di/dietler/165159/package.json
verbose loadDefaults node-test@0.0.1
silly testEngine { name: 'oauth',
silly testEngine   description: 'Library for interacting with OAuth 1.0, 1.0A, 2 and Echo.  Provides simplified client access and allows for construction of more complex apis and OAuth providers.',
silly testEngine   version: '0.9.6',
silly testEngine   directories: { lib: './lib' },
silly testEngine   main: 'index.js',
silly testEngine   author: { name: 'Ciaran Jessup', email: 'ciaranj@gmail.com' },
silly testEngine   repository: { type: 'git', url: 'git://github.com/ciaranj/node-oauth.git' },
silly testEngine   devDependencies: { vows: '0.5.x' },
silly testEngine   scripts: { test: 'make test' },
silly testEngine   _id: 'oauth@0.9.6',
silly testEngine   dependencies: {},
silly testEngine   engines: { node: '*' },
silly testEngine   _engineSupported: true,
silly testEngine   _npmVersion: '1.0.106',
silly testEngine   _nodeVersion: 'v0.6.8',
silly testEngine   _defaultsLoaded: true }
verbose caching /mnt/ws/users/$di/dietler/165159/node_modules/oauth/package.json
verbose loadDefaults oauth@0.9.6
verbose from cache /mnt/ws/users/$di/dietler/165159/package.json
verbose into /mnt/ws/users/$di/dietler/165159 [ 'express' ]
verbose cache add express@2.2.0
verbose cache add [ 'express@2.2.0', null ]
silly cache add: name, spec, args [ undefined, 'express@2.2.0', [ 'express@2.2.0', null ] ]
verbose parsed url { pathname: 'express@2.2.0',
verbose parsed url   path: 'express@2.2.0',
verbose parsed url   href: 'express@2.2.0' }
silly cache add: name, spec, args [ 'express', '2.2.0', [ 'express', '2.2.0' ] ]
verbose parsed url { pathname: '2.2.0', path: '2.2.0', href: '2.2.0' }
info addNamed [ 'express', '2.2.0' ]
verbose addNamed [ '2.2.0', '2.2.0' ]
verbose GET express/2.2.0
verbose raw, before any munging express/2.2.0
verbose url resolving [ 'https://registry.npmjs.org/', './express/2.2.0' ]
verbose url resolved https://registry.npmjs.org/express/2.2.0
silly get cb [ 200,
silly get cb   { vary: 'Accept',
silly get cb     server: 'CouchDB/1.2.0 (Erlang OTP/R15B)',
silly get cb     etag: '"8TD9VJDU5S6ZQ545KE4QT4X5E"',
silly get cb     date: 'Wed, 04 Apr 2012 06:03:58 GMT',
silly get cb     'content-type': 'application/json',
silly get cb     'content-length': '1008' } ]
verbose mkdir (expected) error ENOENT, no such file or directory '/mnt/ws/users/$di/dietler/npm_cache/express'
verbose mkdir (expected) error ENOENT, no such file or directory '/mnt/ws/users/$di/dietler/npm_cache/express/2.2.0'
verbose mkdir done: /mnt/ws/users/$di/dietler/npm_cache/express/2.2.0 755
verbose bin dist [ '0.6-ares1.7.5-DEV-evundefined-openssl0.9.8o-v83.6.6.19-sunos-ia32-5.11',
verbose bin dist   { shasum: 'ab38a7eaad67a1c28495021a798d234086d73dea',
verbose bin dist     tarball: 'http://registry.npmjs.org/express/-/express-2.2.0.tgz' } ]
verbose addRemoteTarball [ 'https://registry.npmjs.org/express/-/express-2.2.0.tgz',
verbose addRemoteTarball   'ab38a7eaad67a1c28495021a798d234086d73dea' ]
verbose mkdir (expected) error ENOENT, no such file or directory '/tmp/npm-1333519438126'
verbose mkdir (expected) error ENOENT, no such file or directory '/tmp/npm-1333519438126/1333519438126-0.6412783495616168'
verbose mkdir done: /tmp/npm-1333519438126/1333519438126-0.6412783495616168 755
info fetch https://registry.npmjs.org/express/-/express-2.2.0.tgz
verbose fetch to /tmp/npm-1333519438126/1333519438126-0.6412783495616168/tmp.tgz
silly updated sha bytes 25441
info shasum ab38a7eaad67a1c28495021a798d234086d73dea
info shasum /tmp/npm-1333519438126/1333519438126-0.6412783495616168/tmp.tgz
verbose mkdir (expected) error ENOENT, no such file or directory '/tmp/npm-1333519438126/1333519438126-0.6412783495616168/contents'
verbose mkdir (expected) error ENOENT, no such file or directory '/tmp/npm-1333519438126/1333519438126-0.6412783495616168/contents/___package.npm'
verbose mkdir done: /tmp/npm-1333519438126/1333519438126-0.6412783495616168/contents/___package.npm 755
verbose unpack_ uid, gid [ undefined, undefined ]
verbose unpackTarget /tmp/npm-1333519438126/1333519438126-0.6412783495616168/contents/package
silly gunzTarPerm modes [ '755', '644' ]
silly spawning [ '/opt/local/bin/gtar',
silly spawning   [ '-zmvxpf',
silly spawning     '/tmp/npm-1333519438126/1333519438126-0.6412783495616168/tmp.tgz' ],
silly spawning   '/tmp/npm-1333519438126/1333519438126-0.6412783495616168/contents/___package.npm' ]
silly tar out package/
silly tar out package/.npmignore
silly tar out package/bin/
silly tar out package/History.md
silly tar out package/index.js
silly tar out package/lib/
silly tar out package/LICENSE
silly tar out package/Makefile
silly tar out package/package.json
silly tar out package/Readme.md
silly tar out package/lib/express.js
silly tar out package/lib/http.js
silly tar out package/lib/https.js
silly tar out package/lib/request.js
silly tar out package/lib/response.js
silly tar out package/lib/utils.js
silly tar out package/lib/view/
silly tar out package/lib/view.js
silly tar out package/lib/view/partial.js
silly tar out package/lib/view/view.js
silly tar out package/bin/express
silly tar exit 0
silly asyncMap in gTP /tmp/npm-1333519438126/1333519438126-0.6412783495616168/contents/___package.npm/package
silly asyncMap in gTP /tmp/npm-1333519438126/1333519438126-0.6412783495616168/contents/___package.npm/package/.npmignore
silly asyncMap in gTP /tmp/npm-1333519438126/1333519438126-0.6412783495616168/contents/___package.npm/package/History.md
silly asyncMap in gTP /tmp/npm-1333519438126/1333519438126-0.6412783495616168/contents/___package.npm/package/index.js
silly asyncMap in gTP /tmp/npm-1333519438126/1333519438126-0.6412783495616168/contents/___package.npm/package/LICENSE
silly asyncMap in gTP /tmp/npm-1333519438126/1333519438126-0.6412783495616168/contents/___package.npm/package/Makefile
silly asyncMap in gTP /tmp/npm-1333519438126/1333519438126-0.6412783495616168/contents/___package.npm/package/package.json
silly asyncMap in gTP /tmp/npm-1333519438126/1333519438126-0.6412783495616168/contents/___package.npm/package/Readme.md
silly asyncMap in gTP /tmp/npm-1333519438126/1333519438126-0.6412783495616168/contents/___package.npm/package/bin
silly asyncMap in gTP /tmp/npm-1333519438126/1333519438126-0.6412783495616168/contents/___package.npm/package/bin/express
silly asyncMap in gTP /tmp/npm-1333519438126/1333519438126-0.6412783495616168/contents/___package.npm/package/lib
silly asyncMap in gTP /tmp/npm-1333519438126/1333519438126-0.6412783495616168/contents/___package.npm/package/lib/express.js
silly asyncMap in gTP /tmp/npm-1333519438126/1333519438126-0.6412783495616168/contents/___package.npm/package/lib/http.js
silly asyncMap in gTP /tmp/npm-1333519438126/1333519438126-0.6412783495616168/contents/___package.npm/package/lib/https.js
silly asyncMap in gTP /tmp/npm-1333519438126/1333519438126-0.6412783495616168/contents/___package.npm/package/lib/request.js
silly asyncMap in gTP /tmp/npm-1333519438126/1333519438126-0.6412783495616168/contents/___package.npm/package/lib/response.js
silly asyncMap in gTP /tmp/npm-1333519438126/1333519438126-0.6412783495616168/contents/___package.npm/package/lib/utils.js
silly asyncMap in gTP /tmp/npm-1333519438126/1333519438126-0.6412783495616168/contents/___package.npm/package/lib/view.js
silly asyncMap in gTP /tmp/npm-1333519438126/1333519438126-0.6412783495616168/contents/___package.npm/package/lib/view
silly asyncMap in gTP /tmp/npm-1333519438126/1333519438126-0.6412783495616168/contents/___package.npm/package/lib/view/partial.js
silly asyncMap in gTP /tmp/npm-1333519438126/1333519438126-0.6412783495616168/contents/___package.npm/package/lib/view/view.js
verbose gunzed /tmp/npm-1333519438126/1333519438126-0.6412783495616168/contents/___package.npm/package
verbose rm'ed /tmp/npm-1333519438126/1333519438126-0.6412783495616168/contents/package
verbose renamed [ '/tmp/npm-1333519438126/1333519438126-0.6412783495616168/contents/___package.npm/package',
verbose renamed   '/tmp/npm-1333519438126/1333519438126-0.6412783495616168/contents/package' ]
silly testEngine { name: 'express',
silly testEngine   description: 'Sinatra inspired web development framework',
silly testEngine   version: '2.2.0',
silly testEngine   author: { name: 'TJ Holowaychuk', email: 'tj@vision-media.ca' },
silly testEngine   contributors: 
silly testEngine    [ { name: 'TJ Holowaychuk', email: 'tj@vision-media.ca' },
silly testEngine      { name: 'Aaron Heckmann',
silly testEngine        email: 'aaron.heckmann+github@gmail.com' },
silly testEngine      { name: 'Ciaran Jessup', email: 'ciaranj@gmail.com' },
silly testEngine      { name: 'Guillermo Rauch', email: 'rauchg@gmail.com' } ],
silly testEngine   dependencies: { connect: '>= 1.2.0 < 2.0.0', mime: '>= 0.0.1', qs: '>= 0.0.6' },
silly testEngine   keywords: [ 'framework', 'sinatra', 'web', 'rest', 'restful' ],
silly testEngine   repository: { type: 'git', url: 'git://github.com/visionmedia/express.git' },
silly testEngine   main: 'index',
silly testEngine   bin: { express: './bin/express' },
silly testEngine   engines: { node: '>= 0.4.1 < 0.5.0' },
silly testEngine   _id: 'express@2.2.0',
silly testEngine   devDependencies: {},
silly testEngine   _engineSupported: false,
silly testEngine   _npmVersion: '1.0.106',
silly testEngine   _nodeVersion: 'v0.6.8',
silly testEngine   _defaultsLoaded: true,
silly testEngine   path: '/tmp/npm-1333519438126/1333519438126-0.6412783495616168/contents/package' }
verbose caching /tmp/npm-1333519438126/1333519438126-0.6412783495616168/contents/package/package.json
verbose loadDefaults express@2.2.0
verbose tarball contents [ 'package' ]
verbose from cache /tmp/npm-1333519438126/1333519438126-0.6412783495616168/contents/package/package.json
verbose pack /tmp/npm-1333519438126/1333519438126-0.6412783495616168/contents/package /mnt/ws/users/$di/dietler/npm_cache/express/2.2.0/package.tgz
silly makeList /tmp/npm-1333519438126/1333519438126-0.6412783495616168/contents/package
verbose mkdir'ed /mnt/ws/users/$di/dietler/npm_cache/express/2.2.0
verbose tar about to write tar and gzip it.
silly tar args [ '-czvf', '-', '-T', '-' ]
silly spawning [ '/opt/local/bin/gtar',
silly spawning   [ '-czvf', '-', '-T', '-' ],
silly spawning   '/tmp/npm-1333519438126/1333519438126-0.6412783495616168/contents' ]
verbose mkdir (expected) error ENOENT, no such file or directory '/mnt/ws/users/$di/dietler/npm_cache/express/2.2.0/___package.npm'
verbose mkdir done: /mnt/ws/users/$di/dietler/npm_cache/express/2.2.0/___package.npm 755
verbose unpack_ uid, gid [ undefined, undefined ]
verbose unpackTarget /mnt/ws/users/$di/dietler/npm_cache/express/2.2.0/package
silly gunzTarPerm modes [ '755', '644' ]
silly spawning [ '/opt/local/bin/gtar',
silly spawning   [ '-zmvxpf',
silly spawning     '/mnt/ws/users/$di/dietler/npm_cache/express/2.2.0/package.tgz' ],
silly spawning   '/mnt/ws/users/$di/dietler/npm_cache/express/2.2.0/___package.npm' ]
silly tar out package/.npmignore
silly tar out package/History.md
silly tar out package/index.js
silly tar out package/LICENSE
silly tar out package/Makefile
silly tar out package/package.json
silly tar out package/Readme.md
silly tar out package/bin/express
silly tar out package/lib/express.js
silly tar out package/lib/http.js
silly tar out package/lib/https.js
silly tar out package/lib/request.js
silly tar out package/lib/response.js
silly tar out package/lib/utils.js
silly tar out package/lib/view.js
silly tar out package/lib/view/partial.js
silly tar out package/lib/view/view.js
silly tar exit 0
silly asyncMap in gTP /mnt/ws/users/$di/dietler/npm_cache/express/2.2.0/___package.npm/package
silly asyncMap in gTP /mnt/ws/users/$di/dietler/npm_cache/express/2.2.0/___package.npm/package/.npmignore
silly asyncMap in gTP /mnt/ws/users/$di/dietler/npm_cache/express/2.2.0/___package.npm/package/History.md
silly asyncMap in gTP /mnt/ws/users/$di/dietler/npm_cache/express/2.2.0/___package.npm/package/index.js
silly asyncMap in gTP /mnt/ws/users/$di/dietler/npm_cache/express/2.2.0/___package.npm/package/LICENSE
silly asyncMap in gTP /mnt/ws/users/$di/dietler/npm_cache/express/2.2.0/___package.npm/package/Makefile
silly asyncMap in gTP /mnt/ws/users/$di/dietler/npm_cache/express/2.2.0/___package.npm/package/package.json
silly asyncMap in gTP /mnt/ws/users/$di/dietler/npm_cache/express/2.2.0/___package.npm/package/Readme.md
silly asyncMap in gTP /mnt/ws/users/$di/dietler/npm_cache/express/2.2.0/___package.npm/package/bin
silly asyncMap in gTP /mnt/ws/users/$di/dietler/npm_cache/express/2.2.0/___package.npm/package/bin/express
silly asyncMap in gTP /mnt/ws/users/$di/dietler/npm_cache/express/2.2.0/___package.npm/package/lib
silly asyncMap in gTP /mnt/ws/users/$di/dietler/npm_cache/express/2.2.0/___package.npm/package/lib/express.js
silly asyncMap in gTP /mnt/ws/users/$di/dietler/npm_cache/express/2.2.0/___package.npm/package/lib/http.js
silly asyncMap in gTP /mnt/ws/users/$di/dietler/npm_cache/express/2.2.0/___package.npm/package/lib/https.js
silly asyncMap in gTP /mnt/ws/users/$di/dietler/npm_cache/express/2.2.0/___package.npm/package/lib/request.js
silly asyncMap in gTP /mnt/ws/users/$di/dietler/npm_cache/express/2.2.0/___package.npm/package/lib/response.js
silly asyncMap in gTP /mnt/ws/users/$di/dietler/npm_cache/express/2.2.0/___package.npm/package/lib/utils.js
silly asyncMap in gTP /mnt/ws/users/$di/dietler/npm_cache/express/2.2.0/___package.npm/package/lib/view.js
silly asyncMap in gTP /mnt/ws/users/$di/dietler/npm_cache/express/2.2.0/___package.npm/package/lib/view
silly asyncMap in gTP /mnt/ws/users/$di/dietler/npm_cache/express/2.2.0/___package.npm/package/lib/view/partial.js
silly asyncMap in gTP /mnt/ws/users/$di/dietler/npm_cache/express/2.2.0/___package.npm/package/lib/view/view.js
verbose gunzed /mnt/ws/users/$di/dietler/npm_cache/express/2.2.0/___package.npm/package
verbose rm'ed /mnt/ws/users/$di/dietler/npm_cache/express/2.2.0/package
verbose renamed [ '/mnt/ws/users/$di/dietler/npm_cache/express/2.2.0/___package.npm/package',
verbose renamed   '/mnt/ws/users/$di/dietler/npm_cache/express/2.2.0/package' ]
silly testEngine { name: 'express',
silly testEngine   description: 'Sinatra inspired web development framework',
silly testEngine   version: '2.2.0',
silly testEngine   author: { name: 'TJ Holowaychuk', email: 'tj@vision-media.ca' },
silly testEngine   contributors: 
silly testEngine    [ { name: 'TJ Holowaychuk', email: 'tj@vision-media.ca' },
silly testEngine      { name: 'Aaron Heckmann',
silly testEngine        email: 'aaron.heckmann+github@gmail.com' },
silly testEngine      { name: 'Ciaran Jessup', email: 'ciaranj@gmail.com' },
silly testEngine      { name: 'Guillermo Rauch', email: 'rauchg@gmail.com' } ],
silly testEngine   dependencies: { connect: '>= 1.2.0 < 2.0.0', mime: '>= 0.0.1', qs: '>= 0.0.6' },
silly testEngine   keywords: [ 'framework', 'sinatra', 'web', 'rest', 'restful' ],
silly testEngine   repository: { type: 'git', url: 'git://github.com/visionmedia/express.git' },
silly testEngine   main: 'index',
silly testEngine   bin: { express: './bin/express' },
silly testEngine   engines: { node: '>= 0.4.1 < 0.5.0' },
silly testEngine   _id: 'express@2.2.0',
silly testEngine   devDependencies: {},
silly testEngine   _engineSupported: false,
silly testEngine   _npmVersion: '1.0.106',
silly testEngine   _nodeVersion: 'v0.6.8',
silly testEngine   _defaultsLoaded: true,
silly testEngine   dist: { shasum: 'f3b91417c424c621e6f68f1dd9ab52c1fa816ccc' } }
verbose caching /mnt/ws/users/$di/dietler/npm_cache/express/2.2.0/package/package.json
verbose loadDefaults express@2.2.0
silly updated sha bytes 25268
info shasum f3b91417c424c621e6f68f1dd9ab52c1fa816ccc
info shasum /mnt/ws/users/$di/dietler/npm_cache/express/2.2.0/package.tgz
verbose from cache /mnt/ws/users/$di/dietler/npm_cache/express/2.2.0/package/package.json
verbose chmod /mnt/ws/users/$di/dietler/npm_cache/express/2.2.0/package.tgz 644
verbose chown [ '/mnt/ws/users/$di/dietler/npm_cache/express/2.2.0/package.tgz',
verbose chown   275674,
verbose chown   275674 ]
silly resolved [ { name: 'express',
silly resolved     description: 'Sinatra inspired web development framework',
silly resolved     version: '2.2.0',
silly resolved     author: { name: 'TJ Holowaychuk', email: 'tj@vision-media.ca' },
silly resolved     contributors: 
silly resolved      [ { name: 'TJ Holowaychuk', email: 'tj@vision-media.ca' },
silly resolved        { name: 'Aaron Heckmann',
silly resolved          email: 'aaron.heckmann+github@gmail.com' },
silly resolved        { name: 'Ciaran Jessup', email: 'ciaranj@gmail.com' },
silly resolved        { name: 'Guillermo Rauch', email: 'rauchg@gmail.com' } ],
silly resolved     dependencies: { connect: '>= 1.2.0 < 2.0.0', mime: '>= 0.0.1', qs: '>= 0.0.6' },
silly resolved     keywords: [ 'framework', 'sinatra', 'web', 'rest', 'restful' ],
silly resolved     repository: { type: 'git', url: 'git://github.com/visionmedia/express.git' },
silly resolved     main: 'index',
silly resolved     bin: { express: './bin/express' },
silly resolved     engines: { node: '>= 0.4.1 < 0.5.0' },
silly resolved     _id: 'express@2.2.0',
silly resolved     devDependencies: {},
silly resolved     _engineSupported: false,
silly resolved     _npmVersion: '1.0.106',
silly resolved     _nodeVersion: 'v0.6.8',
silly resolved     _defaultsLoaded: true,
silly resolved     dist: { shasum: 'f3b91417c424c621e6f68f1dd9ab52c1fa816ccc' } } ]
info into /mnt/ws/users/$di/dietler/165159 express@2.2.0
info installOne express@2.2.0
verbose installOne cb express@2.2.0
ERR! Unsupported
ERR! Not compatible with your version of node/npm: express@2.2.0
ERR! Required: {"node":">= 0.4.1 < 0.5.0"}
ERR! Actual:   {"npm":"1.0.106","node":"0.6.8"}
ERR! 
ERR! System SunOS 5.11
ERR! command "/home/cloud9/c9/support/node-c9-builds/bin/node-sunos-v0.6.8-security" "/mnt/ws/users/$di/dietler/npm/bin/npm-cli.js" "install" "express"
ERR! cwd /mnt/ws/users/$di/dietler/165159
ERR! node -v v0.6.8
ERR! npm -v 1.0.106
ERR! code ENOTSUP
verbose exit [ 1, true ]
